<?xml version="1.0" encoding="UTF-8"?>
<!-- Generated by org.testng.reporters.JUnitXMLReporter -->
<testsuite ignored="0" hostname="PHANISON-ACER-SWIFT-3" failures="0" tests="3" name="Default test" time="6.263" errors="0" timestamp="2023-06-15T17:59:22 IST">
  <testcase classname="com.testcases.GetTest" name="postUser" time="5.496"/>
  <testcase classname="com.testcases.GetTest" name="getAllUsers" time="0.055"/>
  <testcase classname="com.testcases.GetTest" name="getUserByID" time="0.639"/>
</testsuite> <!-- Default test -->
