<?xml version="1.0" encoding="UTF-8"?>
<testng-results ignored="0" total="2" passed="2" failed="0" skipped="0">
  <reporter-output>
  </reporter-output>
  <suite started-at="2023-06-15T19:26:18 IST" name="Default suite" finished-at="2023-06-15T19:26:25 IST" duration-ms="6948">
    <groups>
    </groups>
    <test started-at="2023-06-15T19:26:18 IST" name="Default test" finished-at="2023-06-15T19:26:25 IST" duration-ms="6948">
      <class name="com.testcases.HTTPRequestTest">
        <test-method is-config="true" signature="beforeTest()[pri:0, instance:com.testcases.HTTPRequestTest@3e6ef8ad]" started-at="2023-06-15T19:26:18 IST" name="beforeTest" finished-at="2023-06-15T19:26:19 IST" duration-ms="1281" status="PASS">
          <reporter-output>
          </reporter-output>
        </test-method> <!-- beforeTest -->
        <test-method is-config="true" signature="setup(java.lang.reflect.Method)[pri:0, instance:com.testcases.HTTPRequestTest@3e6ef8ad]" started-at="2023-06-15T19:26:19 IST" name="setup" finished-at="2023-06-15T19:26:19 IST" duration-ms="18" status="PASS">
          <params>
            <param index="0">
              <value>
                <![CDATA[public void com.testcases.HTTPRequestTest.verifyGetByIDRequest()]]>
              </value>
            </param>
          </params>
          <reporter-output>
          </reporter-output>
        </test-method> <!-- setup -->
        <test-method signature="verifyGetByIDRequest()[pri:0, instance:com.testcases.HTTPRequestTest@3e6ef8ad]" started-at="2023-06-15T19:26:19 IST" name="verifyGetByIDRequest" finished-at="2023-06-15T19:26:19 IST" duration-ms="15" status="PASS">
          <reporter-output>
          </reporter-output>
        </test-method> <!-- verifyGetByIDRequest -->
        <test-method is-config="true" signature="tear(java.lang.reflect.Method, org.testng.ITestResult)[pri:0, instance:com.testcases.HTTPRequestTest@3e6ef8ad]" started-at="2023-06-15T19:26:19 IST" name="tear" finished-at="2023-06-15T19:26:19 IST" duration-ms="18" status="PASS">
          <params>
            <param index="0">
              <value>
                <![CDATA[public void com.testcases.HTTPRequestTest.verifyGetByIDRequest()]]>
              </value>
            </param>
            <param index="1">
              <value>
                <![CDATA[[TestResult name=verifyGetByIDRequest status=SUCCESS method=HTTPRequestTest.verifyGetByIDRequest()[pri:0, instance:com.testcases.HTTPRequestTest@3e6ef8ad] output={null}]]]>
              </value>
            </param>
          </params>
          <reporter-output>
          </reporter-output>
        </test-method> <!-- tear -->
        <test-method is-config="true" signature="setup(java.lang.reflect.Method)[pri:0, instance:com.testcases.HTTPRequestTest@3e6ef8ad]" started-at="2023-06-15T19:26:19 IST" name="setup" finished-at="2023-06-15T19:26:19 IST" duration-ms="0" status="PASS">
          <params>
            <param index="0">
              <value>
                <![CDATA[public void com.testcases.HTTPRequestTest.verifyPostRequest()]]>
              </value>
            </param>
          </params>
          <reporter-output>
          </reporter-output>
        </test-method> <!-- setup -->
        <test-method signature="verifyPostRequest()[pri:0, instance:com.testcases.HTTPRequestTest@3e6ef8ad]" started-at="2023-06-15T19:26:19 IST" name="verifyPostRequest" finished-at="2023-06-15T19:26:24 IST" duration-ms="5121" status="PASS">
          <reporter-output>
          </reporter-output>
        </test-method> <!-- verifyPostRequest -->
        <test-method is-config="true" signature="tear(java.lang.reflect.Method, org.testng.ITestResult)[pri:0, instance:com.testcases.HTTPRequestTest@3e6ef8ad]" started-at="2023-06-15T19:26:24 IST" name="tear" finished-at="2023-06-15T19:26:24 IST" duration-ms="1" status="PASS">
          <params>
            <param index="0">
              <value>
                <![CDATA[public void com.testcases.HTTPRequestTest.verifyPostRequest()]]>
              </value>
            </param>
            <param index="1">
              <value>
                <![CDATA[[TestResult name=verifyPostRequest status=SUCCESS method=HTTPRequestTest.verifyPostRequest()[pri:0, instance:com.testcases.HTTPRequestTest@3e6ef8ad] output={null}]]]>
              </value>
            </param>
          </params>
          <reporter-output>
          </reporter-output>
        </test-method> <!-- tear -->
        <test-method is-config="true" signature="afterTest()[pri:0, instance:com.testcases.HTTPRequestTest@3e6ef8ad]" started-at="2023-06-15T19:26:24 IST" name="afterTest" finished-at="2023-06-15T19:26:25 IST" duration-ms="397" status="PASS">
          <reporter-output>
          </reporter-output>
        </test-method> <!-- afterTest -->
      </class> <!-- com.testcases.HTTPRequestTest -->
    </test> <!-- Default test -->
  </suite> <!-- Default suite -->
</testng-results>
