<?xml version="1.0" encoding="UTF-8"?>
<testng-results ignored="0" total="3" passed="3" failed="0" skipped="0">
  <reporter-output>
  </reporter-output>
  <suite started-at="2023-06-15T17:59:16 IST" name="Default suite" finished-at="2023-06-15T17:59:22 IST" duration-ms="6263">
    <groups>
    </groups>
    <test started-at="2023-06-15T17:59:16 IST" name="Default test" finished-at="2023-06-15T17:59:22 IST" duration-ms="6263">
      <class name="com.testcases.GetTest">
        <test-method signature="postUser()[pri:0, instance:com.testcases.GetTest@482bce4f]" started-at="2023-06-15T17:59:16 IST" name="postUser" finished-at="2023-06-15T17:59:22 IST" duration-ms="5496" status="PASS">
          <reporter-output>
          </reporter-output>
        </test-method> <!-- postUser -->
        <test-method signature="getAllUsers()[pri:0, instance:com.testcases.GetTest@482bce4f]" started-at="2023-06-15T17:59:22 IST" name="getAllUsers" finished-at="2023-06-15T17:59:22 IST" duration-ms="55" status="PASS">
          <reporter-output>
          </reporter-output>
        </test-method> <!-- getAllUsers -->
        <test-method signature="getUserByID()[pri:0, instance:com.testcases.GetTest@482bce4f]" started-at="2023-06-15T17:59:22 IST" name="getUserByID" finished-at="2023-06-15T17:59:22 IST" depends-on-methods="com.testcases.GetTest.postUser" duration-ms="639" status="PASS">
          <reporter-output>
          </reporter-output>
        </test-method> <!-- getUserByID -->
      </class> <!-- com.testcases.GetTest -->
    </test> <!-- Default test -->
  </suite> <!-- Default suite -->
</testng-results>
